[0.012s] Invoking command in '/home/macar/ros2/build/custom_bag_analysis': CMAKE_PREFIX_PATH=/opt/ros/iron /usr/bin/cmake /home/macar/ros2/src/custom_bag_analysis -DCMAKE_INSTALL_PREFIX=/home/macar/ros2/install/custom_bag_analysis
[0.023s] -- Found ament_cmake: 2.0.6 (/opt/ros/iron/share/ament_cmake/cmake)
[0.157s] -- Found rclcpp: 21.0.7 (/opt/ros/iron/share/rclcpp/cmake)
[0.184s] -- Found rosidl_generator_c: 4.0.1 (/opt/ros/iron/share/rosidl_generator_c/cmake)
[0.192s] -- Found rosidl_generator_cpp: 4.0.1 (/opt/ros/iron/share/rosidl_generator_cpp/cmake)
[0.203s] -- Using all available rosidl_typesupport_c: rosidl_typesupport_fastrtps_c;rosidl_typesupport_introspection_c
[0.218s] -- Using all available rosidl_typesupport_cpp: rosidl_typesupport_fastrtps_cpp;rosidl_typesupport_introspection_cpp
[0.364s] -- Found rmw_implementation_cmake: 7.1.0 (/opt/ros/iron/share/rmw_implementation_cmake/cmake)
[0.365s] -- Found rmw_fastrtps_cpp: 7.1.4 (/opt/ros/iron/share/rmw_fastrtps_cpp/cmake)
[0.487s] -- Using RMW implementation 'rmw_fastrtps_cpp' as default
[0.642s] -- Found rosbag2_transport: 0.22.7 (/opt/ros/iron/share/rosbag2_transport/cmake)
[0.784s] -- Found sensor_msgs: 5.0.1 (/opt/ros/iron/share/sensor_msgs/cmake)
[0.987s] [31mCMake Error at /opt/ros/iron/share/ament_cmake_target_dependencies/cmake/ament_target_dependencies.cmake:77 (message):
[0.987s]   ament_target_dependencies() the passed package name 'rclpp' was not found
[0.987s]   before
[0.987s] Call Stack (most recent call first):
[0.987s]   CMakeLists.txt:16 (ament_target_dependencies)
[0.987s] 
[0.987s] [0m
[0.987s] -- Configuring incomplete, errors occurred!
[0.987s] See also "/home/macar/ros2/build/custom_bag_analysis/CMakeFiles/CMakeOutput.log".
[0.994s] Invoked command in '/home/macar/ros2/build/custom_bag_analysis' returned '1': CMAKE_PREFIX_PATH=/opt/ros/iron /usr/bin/cmake /home/macar/ros2/src/custom_bag_analysis -DCMAKE_INSTALL_PREFIX=/home/macar/ros2/install/custom_bag_analysis
