[0.012s] Invoking command in '/home/macar/ros2/build/bag_analysis': CMAKE_PREFIX_PATH=/opt/ros/iron /usr/bin/cmake --build /home/macar/ros2/build/bag_analysis -- -j12 -l12
[0.076s] [100%] Built target analyzing_bag
[0.089s] Invoked command in '/home/macar/ros2/build/bag_analysis' returned '0': CMAKE_PREFIX_PATH=/opt/ros/iron /usr/bin/cmake --build /home/macar/ros2/build/bag_analysis -- -j12 -l12
[0.131s] Invoking command in '/home/macar/ros2/build/bag_analysis': CMAKE_PREFIX_PATH=/opt/ros/iron /usr/bin/cmake --install /home/macar/ros2/build/bag_analysis
[0.139s] -- Install configuration: ""
[0.139s] -- Execute custom install script
[0.139s] -- Up-to-date symlink: /home/macar/ros2/install/bag_analysis/lib/bag_analysis/analyzing_bag
[0.140s] -- Up-to-date symlink: /home/macar/ros2/install/bag_analysis/share/ament_index/resource_index/package_run_dependencies/bag_analysis
[0.140s] -- Up-to-date symlink: /home/macar/ros2/install/bag_analysis/share/ament_index/resource_index/parent_prefix_path/bag_analysis
[0.140s] -- Up-to-date symlink: /home/macar/ros2/install/bag_analysis/share/bag_analysis/environment/ament_prefix_path.sh
[0.140s] -- Up-to-date symlink: /home/macar/ros2/install/bag_analysis/share/bag_analysis/environment/ament_prefix_path.dsv
[0.140s] -- Up-to-date symlink: /home/macar/ros2/install/bag_analysis/share/bag_analysis/environment/path.sh
[0.140s] -- Up-to-date symlink: /home/macar/ros2/install/bag_analysis/share/bag_analysis/environment/path.dsv
[0.141s] -- Up-to-date symlink: /home/macar/ros2/install/bag_analysis/share/bag_analysis/local_setup.bash
[0.141s] -- Up-to-date symlink: /home/macar/ros2/install/bag_analysis/share/bag_analysis/local_setup.sh
[0.141s] -- Up-to-date symlink: /home/macar/ros2/install/bag_analysis/share/bag_analysis/local_setup.zsh
[0.141s] -- Up-to-date symlink: /home/macar/ros2/install/bag_analysis/share/bag_analysis/local_setup.dsv
[0.141s] -- Symlinking: /home/macar/ros2/install/bag_analysis/share/bag_analysis/package.dsv
[0.151s] -- Up-to-date symlink: /home/macar/ros2/install/bag_analysis/share/ament_index/resource_index/packages/bag_analysis
[0.152s] -- Up-to-date symlink: /home/macar/ros2/install/bag_analysis/share/bag_analysis/cmake/bag_analysisConfig.cmake
[0.152s] -- Up-to-date symlink: /home/macar/ros2/install/bag_analysis/share/bag_analysis/cmake/bag_analysisConfig-version.cmake
[0.152s] -- Up-to-date symlink: /home/macar/ros2/install/bag_analysis/share/bag_analysis/package.xml
[0.155s] Invoked command in '/home/macar/ros2/build/bag_analysis' returned '0': CMAKE_PREFIX_PATH=/opt/ros/iron /usr/bin/cmake --install /home/macar/ros2/build/bag_analysis
