[0.085s] DEBUG:colcon:Command line arguments: ['/usr/bin/colcon', 'build']
[0.085s] DEBUG:colcon:Parsed command line arguments: Namespace(log_base=None, log_level=None, verb_name='build', build_base='build', install_base='install', merge_install=False, symlink_install=False, test_result_base=None, continue_on_error=False, executor='parallel', parallel_workers=12, event_handlers=None, ignore_user_meta=False, metas=['./colcon.meta'], base_paths=['.'], packages_ignore=None, packages_ignore_regex=None, paths=None, packages_up_to=None, packages_up_to_regex=None, packages_above=None, packages_above_and_dependencies=None, packages_above_depth=None, packages_select_by_dep=None, packages_skip_by_dep=None, packages_skip_up_to=None, packages_select_build_failed=False, packages_skip_build_finished=False, packages_select_test_failures=False, packages_skip_test_passed=False, packages_select=None, packages_skip=None, packages_select_regex=None, packages_skip_regex=None, packages_start=None, packages_end=None, allow_overriding=[], cmake_args=None, cmake_target=None, cmake_target_skip_unavailable=False, cmake_clean_cache=False, cmake_clean_first=False, cmake_force_configure=False, ament_cmake_args=None, catkin_cmake_args=None, catkin_skip_building_tests=False, verb_parser=<colcon_defaults.argument_parser.defaults.DefaultArgumentsDecorator object at 0x7085a42ffe80>, verb_extension=<colcon_core.verb.build.BuildVerb object at 0x7085a42ff8b0>, main=<bound method BuildVerb.main of <colcon_core.verb.build.BuildVerb object at 0x7085a42ff8b0>>)
[0.216s] Level 1:colcon.colcon_core.package_discovery:discover_packages(colcon_meta) check parameters
[0.216s] Level 1:colcon.colcon_core.package_discovery:discover_packages(recursive) check parameters
[0.216s] Level 1:colcon.colcon_core.package_discovery:discover_packages(ignore) check parameters
[0.216s] Level 1:colcon.colcon_core.package_discovery:discover_packages(path) check parameters
[0.216s] Level 1:colcon.colcon_core.package_discovery:discover_packages(colcon_meta) discover
[0.216s] Level 1:colcon.colcon_core.package_discovery:discover_packages(recursive) discover
[0.216s] INFO:colcon.colcon_core.package_discovery:Crawling recursively for packages in '/home/macar/ros2'
[0.217s] Level 1:colcon.colcon_core.package_identification:_identify(.) by extensions ['ignore', 'ignore_ament_install']
[0.217s] Level 1:colcon.colcon_core.package_identification:_identify(.) by extension 'ignore'
[0.217s] Level 1:colcon.colcon_core.package_identification:_identify(.) by extension 'ignore_ament_install'
[0.217s] Level 1:colcon.colcon_core.package_identification:_identify(.) by extensions ['colcon_pkg']
[0.217s] Level 1:colcon.colcon_core.package_identification:_identify(.) by extension 'colcon_pkg'
[0.217s] Level 1:colcon.colcon_core.package_identification:_identify(.) by extensions ['colcon_meta']
[0.217s] Level 1:colcon.colcon_core.package_identification:_identify(.) by extension 'colcon_meta'
[0.217s] Level 1:colcon.colcon_core.package_identification:_identify(.) by extensions ['ros']
[0.217s] Level 1:colcon.colcon_core.package_identification:_identify(.) by extension 'ros'
[0.226s] Level 1:colcon.colcon_core.package_identification:_identify(.) by extensions ['cmake', 'python']
[0.227s] Level 1:colcon.colcon_core.package_identification:_identify(.) by extension 'cmake'
[0.227s] Level 1:colcon.colcon_core.package_identification:_identify(.) by extension 'python'
[0.227s] Level 1:colcon.colcon_core.package_identification:_identify(.) by extensions ['python_setup_py']
[0.227s] Level 1:colcon.colcon_core.package_identification:_identify(.) by extension 'python_setup_py'
[0.227s] Level 1:colcon.colcon_core.package_identification:_identify(build) by extensions ['ignore', 'ignore_ament_install']
[0.227s] Level 1:colcon.colcon_core.package_identification:_identify(build) by extension 'ignore'
[0.227s] Level 1:colcon.colcon_core.package_identification:_identify(build) ignored
[0.227s] Level 1:colcon.colcon_core.package_identification:_identify(install) by extensions ['ignore', 'ignore_ament_install']
[0.227s] Level 1:colcon.colcon_core.package_identification:_identify(install) by extension 'ignore'
[0.227s] Level 1:colcon.colcon_core.package_identification:_identify(install) ignored
[0.227s] Level 1:colcon.colcon_core.package_identification:_identify(log) by extensions ['ignore', 'ignore_ament_install']
[0.227s] Level 1:colcon.colcon_core.package_identification:_identify(log) by extension 'ignore'
[0.227s] Level 1:colcon.colcon_core.package_identification:_identify(log) ignored
[0.227s] Level 1:colcon.colcon_core.package_identification:_identify(src) by extensions ['ignore', 'ignore_ament_install']
[0.227s] Level 1:colcon.colcon_core.package_identification:_identify(src) by extension 'ignore'
[0.227s] Level 1:colcon.colcon_core.package_identification:_identify(src) by extension 'ignore_ament_install'
[0.227s] Level 1:colcon.colcon_core.package_identification:_identify(src) by extensions ['colcon_pkg']
[0.227s] Level 1:colcon.colcon_core.package_identification:_identify(src) by extension 'colcon_pkg'
[0.227s] Level 1:colcon.colcon_core.package_identification:_identify(src) by extensions ['colcon_meta']
[0.228s] Level 1:colcon.colcon_core.package_identification:_identify(src) by extension 'colcon_meta'
[0.228s] Level 1:colcon.colcon_core.package_identification:_identify(src) by extensions ['ros']
[0.228s] Level 1:colcon.colcon_core.package_identification:_identify(src) by extension 'ros'
[0.228s] Level 1:colcon.colcon_core.package_identification:_identify(src) by extensions ['cmake', 'python']
[0.228s] Level 1:colcon.colcon_core.package_identification:_identify(src) by extension 'cmake'
[0.228s] Level 1:colcon.colcon_core.package_identification:_identify(src) by extension 'python'
[0.228s] Level 1:colcon.colcon_core.package_identification:_identify(src) by extensions ['python_setup_py']
[0.228s] Level 1:colcon.colcon_core.package_identification:_identify(src) by extension 'python_setup_py'
[0.228s] Level 1:colcon.colcon_core.package_identification:_identify(src/bag_analysis) by extensions ['ignore', 'ignore_ament_install']
[0.228s] Level 1:colcon.colcon_core.package_identification:_identify(src/bag_analysis) by extension 'ignore'
[0.228s] Level 1:colcon.colcon_core.package_identification:_identify(src/bag_analysis) by extension 'ignore_ament_install'
[0.228s] Level 1:colcon.colcon_core.package_identification:_identify(src/bag_analysis) by extensions ['colcon_pkg']
[0.228s] Level 1:colcon.colcon_core.package_identification:_identify(src/bag_analysis) by extension 'colcon_pkg'
[0.228s] Level 1:colcon.colcon_core.package_identification:_identify(src/bag_analysis) by extensions ['colcon_meta']
[0.228s] Level 1:colcon.colcon_core.package_identification:_identify(src/bag_analysis) by extension 'colcon_meta'
[0.228s] Level 1:colcon.colcon_core.package_identification:_identify(src/bag_analysis) by extensions ['ros']
[0.228s] Level 1:colcon.colcon_core.package_identification:_identify(src/bag_analysis) by extension 'ros'
[0.230s] DEBUG:colcon.colcon_core.package_identification:Package 'src/bag_analysis' with type 'ros.ament_cmake' and name 'bag_analysis'
[0.230s] Level 1:colcon.colcon_core.package_identification:_identify(src/custom_bag_analysis) by extensions ['ignore', 'ignore_ament_install']
[0.230s] Level 1:colcon.colcon_core.package_identification:_identify(src/custom_bag_analysis) by extension 'ignore'
[0.230s] Level 1:colcon.colcon_core.package_identification:_identify(src/custom_bag_analysis) by extension 'ignore_ament_install'
[0.230s] Level 1:colcon.colcon_core.package_identification:_identify(src/custom_bag_analysis) by extensions ['colcon_pkg']
[0.231s] Level 1:colcon.colcon_core.package_identification:_identify(src/custom_bag_analysis) by extension 'colcon_pkg'
[0.231s] Level 1:colcon.colcon_core.package_identification:_identify(src/custom_bag_analysis) by extensions ['colcon_meta']
[0.231s] Level 1:colcon.colcon_core.package_identification:_identify(src/custom_bag_analysis) by extension 'colcon_meta'
[0.231s] Level 1:colcon.colcon_core.package_identification:_identify(src/custom_bag_analysis) by extensions ['ros']
[0.231s] Level 1:colcon.colcon_core.package_identification:_identify(src/custom_bag_analysis) by extension 'ros'
[0.231s] DEBUG:colcon.colcon_core.package_identification:Package 'src/custom_bag_analysis' with type 'ros.ament_cmake' and name 'custom_bag_analysis'
[0.231s] Level 1:colcon.colcon_core.package_discovery:discover_packages(recursive) using defaults
[0.231s] Level 1:colcon.colcon_core.package_discovery:discover_packages(ignore) discover
[0.231s] Level 1:colcon.colcon_core.package_discovery:discover_packages(ignore) using defaults
[0.231s] Level 1:colcon.colcon_core.package_discovery:discover_packages(path) discover
[0.231s] Level 1:colcon.colcon_core.package_discovery:discover_packages(path) using defaults
[0.249s] Level 1:colcon.colcon_core.package_discovery:discover_packages(prefix_path) check parameters
[0.249s] Level 1:colcon.colcon_core.package_discovery:discover_packages(prefix_path) discover
[0.251s] DEBUG:colcon.colcon_installed_package_information.package_discovery:Found 281 installed packages in /opt/ros/iron
[0.264s] Level 1:colcon.colcon_core.package_discovery:discover_packages(prefix_path) using defaults
[0.298s] Level 5:colcon.colcon_core.verb:set package 'bag_analysis' build argument 'cmake_args' from command line to 'None'
[0.298s] Level 5:colcon.colcon_core.verb:set package 'bag_analysis' build argument 'cmake_target' from command line to 'None'
[0.298s] Level 5:colcon.colcon_core.verb:set package 'bag_analysis' build argument 'cmake_target_skip_unavailable' from command line to 'False'
[0.298s] Level 5:colcon.colcon_core.verb:set package 'bag_analysis' build argument 'cmake_clean_cache' from command line to 'False'
[0.298s] Level 5:colcon.colcon_core.verb:set package 'bag_analysis' build argument 'cmake_clean_first' from command line to 'False'
[0.298s] Level 5:colcon.colcon_core.verb:set package 'bag_analysis' build argument 'cmake_force_configure' from command line to 'False'
[0.298s] Level 5:colcon.colcon_core.verb:set package 'bag_analysis' build argument 'ament_cmake_args' from command line to 'None'
[0.298s] Level 5:colcon.colcon_core.verb:set package 'bag_analysis' build argument 'catkin_cmake_args' from command line to 'None'
[0.298s] Level 5:colcon.colcon_core.verb:set package 'bag_analysis' build argument 'catkin_skip_building_tests' from command line to 'False'
[0.298s] DEBUG:colcon.colcon_core.verb:Building package 'bag_analysis' with the following arguments: {'ament_cmake_args': None, 'build_base': '/home/macar/ros2/build/bag_analysis', 'catkin_cmake_args': None, 'catkin_skip_building_tests': False, 'cmake_args': None, 'cmake_clean_cache': False, 'cmake_clean_first': False, 'cmake_force_configure': False, 'cmake_target': None, 'cmake_target_skip_unavailable': False, 'install_base': '/home/macar/ros2/install/bag_analysis', 'merge_install': False, 'path': '/home/macar/ros2/src/bag_analysis', 'symlink_install': False, 'test_result_base': None}
[0.299s] Level 5:colcon.colcon_core.verb:set package 'custom_bag_analysis' build argument 'cmake_args' from command line to 'None'
[0.299s] Level 5:colcon.colcon_core.verb:set package 'custom_bag_analysis' build argument 'cmake_target' from command line to 'None'
[0.299s] Level 5:colcon.colcon_core.verb:set package 'custom_bag_analysis' build argument 'cmake_target_skip_unavailable' from command line to 'False'
[0.299s] Level 5:colcon.colcon_core.verb:set package 'custom_bag_analysis' build argument 'cmake_clean_cache' from command line to 'False'
[0.299s] Level 5:colcon.colcon_core.verb:set package 'custom_bag_analysis' build argument 'cmake_clean_first' from command line to 'False'
[0.299s] Level 5:colcon.colcon_core.verb:set package 'custom_bag_analysis' build argument 'cmake_force_configure' from command line to 'False'
[0.299s] Level 5:colcon.colcon_core.verb:set package 'custom_bag_analysis' build argument 'ament_cmake_args' from command line to 'None'
[0.299s] Level 5:colcon.colcon_core.verb:set package 'custom_bag_analysis' build argument 'catkin_cmake_args' from command line to 'None'
[0.299s] Level 5:colcon.colcon_core.verb:set package 'custom_bag_analysis' build argument 'catkin_skip_building_tests' from command line to 'False'
[0.299s] DEBUG:colcon.colcon_core.verb:Building package 'custom_bag_analysis' with the following arguments: {'ament_cmake_args': None, 'build_base': '/home/macar/ros2/build/custom_bag_analysis', 'catkin_cmake_args': None, 'catkin_skip_building_tests': False, 'cmake_args': None, 'cmake_clean_cache': False, 'cmake_clean_first': False, 'cmake_force_configure': False, 'cmake_target': None, 'cmake_target_skip_unavailable': False, 'install_base': '/home/macar/ros2/install/custom_bag_analysis', 'merge_install': False, 'path': '/home/macar/ros2/src/custom_bag_analysis', 'symlink_install': False, 'test_result_base': None}
[0.299s] INFO:colcon.colcon_core.executor:Executing jobs using 'parallel' executor
[0.300s] DEBUG:colcon.colcon_parallel_executor.executor.parallel:run_until_complete
[0.300s] INFO:colcon.colcon_ros.task.ament_cmake.build:Building ROS package in '/home/macar/ros2/src/bag_analysis' with build type 'ament_cmake'
[0.300s] INFO:colcon.colcon_cmake.task.cmake.build:Building CMake package in '/home/macar/ros2/src/bag_analysis'
[0.302s] INFO:colcon.colcon_core.plugin_system:Skipping extension 'colcon_core.shell.bat': Not used on non-Windows systems
[0.302s] INFO:colcon.colcon_core.shell:Skip shell extension 'powershell' for command environment: Not usable outside of PowerShell
[0.302s] DEBUG:colcon.colcon_core.shell:Skip shell extension 'dsv' for command environment
[0.305s] INFO:colcon.colcon_ros.task.ament_cmake.build:Building ROS package in '/home/macar/ros2/src/custom_bag_analysis' with build type 'ament_cmake'
[0.305s] INFO:colcon.colcon_cmake.task.cmake.build:Building CMake package in '/home/macar/ros2/src/custom_bag_analysis'
[0.305s] INFO:colcon.colcon_core.shell:Skip shell extension 'powershell' for command environment: Not usable outside of PowerShell
[0.305s] DEBUG:colcon.colcon_core.shell:Skip shell extension 'dsv' for command environment
[0.314s] DEBUG:colcon.colcon_core.event_handler.log_command:Invoking command in '/home/macar/ros2/build/bag_analysis': CMAKE_PREFIX_PATH=/opt/ros/iron /usr/bin/cmake --build /home/macar/ros2/build/bag_analysis -- -j12 -l12
[0.318s] DEBUG:colcon.colcon_core.event_handler.log_command:Invoking command in '/home/macar/ros2/build/custom_bag_analysis': CMAKE_PREFIX_PATH=/opt/ros/iron /usr/bin/cmake --build /home/macar/ros2/build/custom_bag_analysis -- -j12 -l12
[0.388s] DEBUG:colcon.colcon_core.event_handler.log_command:Invoked command in '/home/macar/ros2/build/bag_analysis' returned '0': CMAKE_PREFIX_PATH=/opt/ros/iron /usr/bin/cmake --build /home/macar/ros2/build/bag_analysis -- -j12 -l12
[0.428s] DEBUG:colcon.colcon_core.event_handler.log_command:Invoking command in '/home/macar/ros2/build/bag_analysis': CMAKE_PREFIX_PATH=/opt/ros/iron /usr/bin/cmake --install /home/macar/ros2/build/bag_analysis
[0.452s] Level 1:colcon.colcon_core.environment:create_environment_scripts_only(bag_analysis)
[0.452s] DEBUG:colcon.colcon_core.event_handler.log_command:Invoked command in '/home/macar/ros2/build/bag_analysis' returned '0': CMAKE_PREFIX_PATH=/opt/ros/iron /usr/bin/cmake --install /home/macar/ros2/build/bag_analysis
[0.454s] Level 1:colcon.colcon_core.environment:checking '/home/macar/ros2/install/bag_analysis' for CMake module files
[0.454s] Level 1:colcon.colcon_core.environment:checking '/home/macar/ros2/install/bag_analysis' for CMake config files
[0.455s] Level 1:colcon.colcon_core.shell:create_environment_hook('bag_analysis', 'cmake_prefix_path')
[0.455s] INFO:colcon.colcon_core.shell:Creating environment hook '/home/macar/ros2/install/bag_analysis/share/bag_analysis/hook/cmake_prefix_path.ps1'
[0.455s] INFO:colcon.colcon_core.shell:Creating environment descriptor '/home/macar/ros2/install/bag_analysis/share/bag_analysis/hook/cmake_prefix_path.dsv'
[0.456s] INFO:colcon.colcon_core.shell:Creating environment hook '/home/macar/ros2/install/bag_analysis/share/bag_analysis/hook/cmake_prefix_path.sh'
[0.456s] Level 1:colcon.colcon_core.environment:checking '/home/macar/ros2/install/bag_analysis/lib'
[0.456s] Level 1:colcon.colcon_core.environment:checking '/home/macar/ros2/install/bag_analysis/bin'
[0.456s] Level 1:colcon.colcon_core.environment:checking '/home/macar/ros2/install/bag_analysis/lib/pkgconfig/bag_analysis.pc'
[0.457s] Level 1:colcon.colcon_core.environment:checking '/home/macar/ros2/install/bag_analysis/lib/python3.10/site-packages'
[0.457s] Level 1:colcon.colcon_core.environment:checking '/home/macar/ros2/install/bag_analysis/bin'
[0.457s] INFO:colcon.colcon_core.shell:Creating package script '/home/macar/ros2/install/bag_analysis/share/bag_analysis/package.ps1'
[0.458s] INFO:colcon.colcon_core.shell:Creating package descriptor '/home/macar/ros2/install/bag_analysis/share/bag_analysis/package.dsv'
[0.458s] INFO:colcon.colcon_core.shell:Creating package script '/home/macar/ros2/install/bag_analysis/share/bag_analysis/package.sh'
[0.459s] INFO:colcon.colcon_core.shell:Creating package script '/home/macar/ros2/install/bag_analysis/share/bag_analysis/package.bash'
[0.459s] INFO:colcon.colcon_core.shell:Creating package script '/home/macar/ros2/install/bag_analysis/share/bag_analysis/package.zsh'
[0.460s] Level 1:colcon.colcon_core.environment:create_file_with_runtime_dependencies(/home/macar/ros2/install/bag_analysis/share/colcon-core/packages/bag_analysis)
[0.490s] Level 1:colcon.colcon_core.environment:create_environment_scripts_only(bag_analysis)
[0.490s] Level 1:colcon.colcon_core.environment:checking '/home/macar/ros2/install/bag_analysis' for CMake module files
[0.491s] Level 1:colcon.colcon_core.environment:checking '/home/macar/ros2/install/bag_analysis' for CMake config files
[0.491s] Level 1:colcon.colcon_core.shell:create_environment_hook('bag_analysis', 'cmake_prefix_path')
[0.491s] INFO:colcon.colcon_core.shell:Creating environment hook '/home/macar/ros2/install/bag_analysis/share/bag_analysis/hook/cmake_prefix_path.ps1'
[0.492s] INFO:colcon.colcon_core.shell:Creating environment descriptor '/home/macar/ros2/install/bag_analysis/share/bag_analysis/hook/cmake_prefix_path.dsv'
[0.492s] INFO:colcon.colcon_core.shell:Creating environment hook '/home/macar/ros2/install/bag_analysis/share/bag_analysis/hook/cmake_prefix_path.sh'
[0.492s] Level 1:colcon.colcon_core.environment:checking '/home/macar/ros2/install/bag_analysis/lib'
[0.493s] Level 1:colcon.colcon_core.environment:checking '/home/macar/ros2/install/bag_analysis/bin'
[0.493s] Level 1:colcon.colcon_core.environment:checking '/home/macar/ros2/install/bag_analysis/lib/pkgconfig/bag_analysis.pc'
[0.493s] Level 1:colcon.colcon_core.environment:checking '/home/macar/ros2/install/bag_analysis/lib/python3.10/site-packages'
[0.493s] Level 1:colcon.colcon_core.environment:checking '/home/macar/ros2/install/bag_analysis/bin'
[0.493s] INFO:colcon.colcon_core.shell:Creating package script '/home/macar/ros2/install/bag_analysis/share/bag_analysis/package.ps1'
[0.494s] INFO:colcon.colcon_core.shell:Creating package descriptor '/home/macar/ros2/install/bag_analysis/share/bag_analysis/package.dsv'
[0.494s] INFO:colcon.colcon_core.shell:Creating package script '/home/macar/ros2/install/bag_analysis/share/bag_analysis/package.sh'
[0.494s] INFO:colcon.colcon_core.shell:Creating package script '/home/macar/ros2/install/bag_analysis/share/bag_analysis/package.bash'
[0.495s] INFO:colcon.colcon_core.shell:Creating package script '/home/macar/ros2/install/bag_analysis/share/bag_analysis/package.zsh'
[0.495s] Level 1:colcon.colcon_core.environment:create_file_with_runtime_dependencies(/home/macar/ros2/install/bag_analysis/share/colcon-core/packages/bag_analysis)
[0.717s] DEBUG:colcon.colcon_core.event_handler.log_command:Invoked command in '/home/macar/ros2/build/custom_bag_analysis' returned '2': CMAKE_PREFIX_PATH=/opt/ros/iron /usr/bin/cmake --build /home/macar/ros2/build/custom_bag_analysis -- -j12 -l12
[0.745s] Level 1:colcon.colcon_core.environment:create_environment_scripts_only(custom_bag_analysis)
[0.745s] Level 1:colcon.colcon_core.environment:checking '/home/macar/ros2/install/custom_bag_analysis' for CMake module files
[0.745s] Level 1:colcon.colcon_core.environment:checking '/home/macar/ros2/install/custom_bag_analysis' for CMake config files
[0.746s] Level 1:colcon.colcon_core.environment:checking '/home/macar/ros2/install/custom_bag_analysis/bin'
[0.746s] Level 1:colcon.colcon_core.environment:checking '/home/macar/ros2/install/custom_bag_analysis/lib/pkgconfig/custom_bag_analysis.pc'
[0.746s] Level 1:colcon.colcon_core.environment:checking '/home/macar/ros2/install/custom_bag_analysis/lib/python3.10/site-packages'
[0.746s] Level 1:colcon.colcon_core.environment:checking '/home/macar/ros2/install/custom_bag_analysis/bin'
[0.746s] INFO:colcon.colcon_core.shell:Creating package script '/home/macar/ros2/install/custom_bag_analysis/share/custom_bag_analysis/package.ps1'
[0.747s] INFO:colcon.colcon_core.shell:Creating package descriptor '/home/macar/ros2/install/custom_bag_analysis/share/custom_bag_analysis/package.dsv'
[0.747s] INFO:colcon.colcon_core.shell:Creating package script '/home/macar/ros2/install/custom_bag_analysis/share/custom_bag_analysis/package.sh'
[0.747s] INFO:colcon.colcon_core.shell:Creating package script '/home/macar/ros2/install/custom_bag_analysis/share/custom_bag_analysis/package.bash'
[0.748s] INFO:colcon.colcon_core.shell:Creating package script '/home/macar/ros2/install/custom_bag_analysis/share/custom_bag_analysis/package.zsh'
[0.748s] Level 1:colcon.colcon_core.environment:create_file_with_runtime_dependencies(/home/macar/ros2/install/custom_bag_analysis/share/colcon-core/packages/custom_bag_analysis)
[0.758s] DEBUG:colcon.colcon_parallel_executor.executor.parallel:closing loop
[0.759s] DEBUG:colcon.colcon_parallel_executor.executor.parallel:loop closed
[0.759s] DEBUG:colcon.colcon_parallel_executor.executor.parallel:run_until_complete finished with '2'
[0.759s] DEBUG:colcon.colcon_core.event_reactor:joining thread
[0.764s] INFO:colcon.colcon_core.plugin_system:Skipping extension 'colcon_notification.desktop_notification.terminal_notifier': Not used on non-Darwin systems
[0.764s] INFO:colcon.colcon_core.plugin_system:Skipping extension 'colcon_notification.desktop_notification.win32': Not used on non-Windows systems
[0.764s] INFO:colcon.colcon_notification.desktop_notification:Sending desktop notification using 'notify2'
[0.775s] DEBUG:colcon.colcon_core.event_reactor:joined thread
[0.776s] INFO:colcon.colcon_core.shell:Creating prefix script '/home/macar/ros2/install/local_setup.ps1'
[0.777s] INFO:colcon.colcon_core.shell:Creating prefix util module '/home/macar/ros2/install/_local_setup_util_ps1.py'
[0.778s] INFO:colcon.colcon_core.shell:Creating prefix chain script '/home/macar/ros2/install/setup.ps1'
[0.778s] INFO:colcon.colcon_core.shell:Creating prefix script '/home/macar/ros2/install/local_setup.sh'
[0.779s] INFO:colcon.colcon_core.shell:Creating prefix util module '/home/macar/ros2/install/_local_setup_util_sh.py'
[0.779s] INFO:colcon.colcon_core.shell:Creating prefix chain script '/home/macar/ros2/install/setup.sh'
[0.780s] INFO:colcon.colcon_core.shell:Creating prefix script '/home/macar/ros2/install/local_setup.bash'
[0.781s] INFO:colcon.colcon_core.shell:Creating prefix chain script '/home/macar/ros2/install/setup.bash'
[0.782s] INFO:colcon.colcon_core.shell:Creating prefix script '/home/macar/ros2/install/local_setup.zsh'
[0.782s] INFO:colcon.colcon_core.shell:Creating prefix chain script '/home/macar/ros2/install/setup.zsh'
