[0.012s] Invoking command in '/home/macar/ros2/build/bag_analysis': CMAKE_PREFIX_PATH=/opt/ros/iron /usr/bin/cmake --build /home/macar/ros2/build/bag_analysis -- -j12 -l12
[0.056s] [35m[1mConsolidate compiler generated dependencies of target experiment_3_analysis[0m
[0.073s] [ 50%] [32mBuilding CXX object CMakeFiles/experiment_3_analysis.dir/src/experiment_3_analysis.cpp.o[0m
[1.290s] [100%] [32m[1mLinking CXX executable experiment_3_analysis[0m
[1.461s] [100%] Built target experiment_3_analysis
[1.476s] Invoked command in '/home/macar/ros2/build/bag_analysis' returned '0': CMAKE_PREFIX_PATH=/opt/ros/iron /usr/bin/cmake --build /home/macar/ros2/build/bag_analysis -- -j12 -l12
[1.517s] Invoking command in '/home/macar/ros2/build/bag_analysis': CMAKE_PREFIX_PATH=/opt/ros/iron /usr/bin/cmake --install /home/macar/ros2/build/bag_analysis
[1.524s] -- Install configuration: ""
[1.525s] -- Execute custom install script
[1.525s] -- Up-to-date symlink: /home/macar/ros2/install/bag_analysis/lib/bag_analysis/experiment_3_analysis
[1.526s] -- Up-to-date symlink: /home/macar/ros2/install/bag_analysis/share/ament_index/resource_index/package_run_dependencies/bag_analysis
[1.526s] -- Up-to-date symlink: /home/macar/ros2/install/bag_analysis/share/ament_index/resource_index/parent_prefix_path/bag_analysis
[1.526s] -- Up-to-date symlink: /home/macar/ros2/install/bag_analysis/share/bag_analysis/environment/ament_prefix_path.sh
[1.526s] -- Up-to-date symlink: /home/macar/ros2/install/bag_analysis/share/bag_analysis/environment/ament_prefix_path.dsv
[1.526s] -- Up-to-date symlink: /home/macar/ros2/install/bag_analysis/share/bag_analysis/environment/path.sh
[1.526s] -- Up-to-date symlink: /home/macar/ros2/install/bag_analysis/share/bag_analysis/environment/path.dsv
[1.526s] -- Up-to-date symlink: /home/macar/ros2/install/bag_analysis/share/bag_analysis/local_setup.bash
[1.526s] -- Up-to-date symlink: /home/macar/ros2/install/bag_analysis/share/bag_analysis/local_setup.sh
[1.526s] -- Up-to-date symlink: /home/macar/ros2/install/bag_analysis/share/bag_analysis/local_setup.zsh
[1.526s] -- Up-to-date symlink: /home/macar/ros2/install/bag_analysis/share/bag_analysis/local_setup.dsv
[1.527s] -- Symlinking: /home/macar/ros2/install/bag_analysis/share/bag_analysis/package.dsv
[1.537s] -- Up-to-date symlink: /home/macar/ros2/install/bag_analysis/share/ament_index/resource_index/packages/bag_analysis
[1.537s] -- Up-to-date symlink: /home/macar/ros2/install/bag_analysis/share/bag_analysis/cmake/bag_analysisConfig.cmake
[1.537s] -- Up-to-date symlink: /home/macar/ros2/install/bag_analysis/share/bag_analysis/cmake/bag_analysisConfig-version.cmake
[1.537s] -- Up-to-date symlink: /home/macar/ros2/install/bag_analysis/share/bag_analysis/package.xml
[1.540s] Invoked command in '/home/macar/ros2/build/bag_analysis' returned '0': CMAKE_PREFIX_PATH=/opt/ros/iron /usr/bin/cmake --install /home/macar/ros2/build/bag_analysis
