[0.011s] Invoking command in '/home/macar/ros2/build/bag_analysis': CMAKE_PREFIX_PATH=/opt/ros/iron /usr/bin/cmake /home/macar/ros2/src/bag_analysis -DCMAKE_INSTALL_PREFIX=/home/macar/ros2/install/bag_analysis
[0.022s] -- Found ament_cmake: 2.0.6 (/opt/ros/iron/share/ament_cmake/cmake)
[0.148s] -- Override CMake install command with custom implementation using symlinks instead of copying resources
[0.156s] -- Found rclcpp: 21.0.7 (/opt/ros/iron/share/rclcpp/cmake)
[0.202s] -- Found rosidl_generator_c: 4.0.1 (/opt/ros/iron/share/rosidl_generator_c/cmake)
[0.215s] -- Found rosidl_generator_cpp: 4.0.1 (/opt/ros/iron/share/rosidl_generator_cpp/cmake)
[0.235s] -- Using all available rosidl_typesupport_c: rosidl_typesupport_fastrtps_c;rosidl_typesupport_introspection_c
[0.255s] -- Using all available rosidl_typesupport_cpp: rosidl_typesupport_fastrtps_cpp;rosidl_typesupport_introspection_cpp
[0.415s] -- Found rmw_implementation_cmake: 7.1.0 (/opt/ros/iron/share/rmw_implementation_cmake/cmake)
[0.418s] -- Found rmw_fastrtps_cpp: 7.1.4 (/opt/ros/iron/share/rmw_fastrtps_cpp/cmake)
[0.560s] -- Found OpenSSL: /usr/lib/x86_64-linux-gnu/libcrypto.so (found version "3.0.2")  
[0.588s] -- Found FastRTPS: /opt/ros/iron/include  
[0.634s] -- Using RMW implementation 'rmw_fastrtps_cpp' as default
[0.798s] -- Found rosbag2_cpp: 0.22.7 (/opt/ros/iron/share/rosbag2_cpp/cmake)
[0.846s] -- Found sensor_msgs: 5.0.1 (/opt/ros/iron/share/sensor_msgs/cmake)
[1.050s] -- Found ament_lint_auto: 0.14.4 (/opt/ros/iron/share/ament_lint_auto/cmake)
[1.125s] -- Added test 'cppcheck' to perform static code analysis on C / C++ code
[1.125s] -- Configured cppcheck include dirs: 
[1.125s] -- Configured cppcheck exclude dirs and/or files: 
[1.126s] -- Added test 'lint_cmake' to check CMake code style
[1.127s] -- Added test 'uncrustify' to check C / C++ code style
[1.127s] -- Configured uncrustify additional arguments: 
[1.127s] -- Added test 'xmllint' to check XML markup files
[1.129s] -- Configuring done
[1.132s] [31mCMake Error at CMakeLists.txt:19 (add_executable):
[1.132s]   Cannot find source file:
[1.133s] 
[1.133s]     src/analyze_bag.cpp
[1.133s] 
[1.133s]   Tried extensions .c .C .c++ .cc .cpp .cxx .cu .mpp .m .M .mm .ixx .cppm .h
[1.133s]   .hh .h++ .hm .hpp .hxx .in .txx .f .F .for .f77 .f90 .f95 .f03 .hip .ispc
[1.133s] 
[1.133s] [0m
[1.133s] [31mCMake Error at CMakeLists.txt:19 (add_executable):
[1.133s]   No SOURCES given to target: analyze_bag
[1.134s] 
[1.134s] [0m
[1.134s] [0mCMake Generate step failed.  Build files cannot be regenerated correctly.[0m
[1.141s] Invoked command in '/home/macar/ros2/build/bag_analysis' returned '1': CMAKE_PREFIX_PATH=/opt/ros/iron /usr/bin/cmake /home/macar/ros2/src/bag_analysis -DCMAKE_INSTALL_PREFIX=/home/macar/ros2/install/bag_analysis
