-- Found ament_cmake: 2.0.6 (/opt/ros/iron/share/ament_cmake/cmake)
-- Found rclcpp: 21.0.7 (/opt/ros/iron/share/rclcpp/cmake)
-- Found rosidl_generator_c: 4.0.1 (/opt/ros/iron/share/rosidl_generator_c/cmake)
-- Found rosidl_generator_cpp: 4.0.1 (/opt/ros/iron/share/rosidl_generator_cpp/cmake)
-- Using all available rosidl_typesupport_c: rosidl_typesupport_fastrtps_c;rosidl_typesupport_introspection_c
-- Using all available rosidl_typesupport_cpp: rosidl_typesupport_fastrtps_cpp;rosidl_typesupport_introspection_cpp
-- Found rmw_implementation_cmake: 7.1.0 (/opt/ros/iron/share/rmw_implementation_cmake/cmake)
-- Found rmw_fastrtps_cpp: 7.1.4 (/opt/ros/iron/share/rmw_fastrtps_cpp/cmake)
-- Found OpenSSL: /usr/lib/x86_64-linux-gnu/libcrypto.so (found version "3.0.2")  
-- Found FastRTPS: /opt/ros/iron/include  
-- Using RMW implementation 'rmw_fastrtps_cpp' as default
-- Found rosbag2_transport: 0.22.7 (/opt/ros/iron/share/rosbag2_transport/cmake)
[31mCMake Error at CMakeLists.txt:13 (find_package):
  By not providing "Findsensor_msg.cmake" in CMAKE_MODULE_PATH this project
  has asked CMake to find a package configuration file provided by
  "sensor_msg", but CMake did not find one.

  Could not find a package configuration file provided by "sensor_msg" with
  any of the following names:

    sensor_msgConfig.cmake
    sensor_msg-config.cmake

  Add the installation prefix of "sensor_msg" to CMAKE_PREFIX_PATH or set
  "sensor_msg_DIR" to a directory containing one of the above files.  If
  "sensor_msg" provides a separate development package or SDK, be sure it has
  been installed.

[0m
-- Configuring incomplete, errors occurred!
See also "/home/macar/ros2/build/custom_bag_analysis/CMakeFiles/CMakeOutput.log".
