[0.009s] Invoking command in '/home/macar/ros2/build/bag_analysis': CMAKE_PREFIX_PATH=/opt/ros/iron /usr/bin/cmake /home/macar/ros2/src/bag_analysis -DAMENT_CMAKE_SYMLINK_INSTALL=1 -DCMAKE_INSTALL_PREFIX=/home/macar/ros2/install/bag_analysis
[0.115s] -- The C compiler identification is GNU 11.4.0
[0.201s] -- The CXX compiler identification is GNU 11.4.0
[0.213s] -- Detecting C compiler ABI info
[0.291s] -- Detecting C compiler ABI info - done
[0.297s] -- Check for working C compiler: /usr/bin/cc - skipped
[0.298s] -- Detecting C compile features
[0.298s] -- Detecting C compile features - done
[0.301s] -- Detecting CXX compiler ABI info
[0.389s] -- Detecting CXX compiler ABI info - done
[0.396s] -- Check for working CXX compiler: /usr/bin/c++ - skipped
[0.396s] -- Detecting CXX compile features
[0.396s] -- Detecting CXX compile features - done
[0.403s] -- Found ament_cmake: 2.0.6 (/opt/ros/iron/share/ament_cmake/cmake)
[0.561s] -- Found Python3: /usr/bin/python3.10 (found version "3.10.12") found components: Interpreter 
[0.620s] -- Override CMake install command with custom implementation using symlinks instead of copying resources
[0.650s] [31mCMake Error at /opt/ros/iron/share/ament_cmake_target_dependencies/cmake/ament_target_dependencies.cmake:77 (message):
[0.650s]   ament_target_dependencies() the passed package name 'rclcpp' was not found
[0.650s]   before
[0.650s] Call Stack (most recent call first):
[0.651s]   CMakeLists.txt:14 (ament_target_dependencies)
[0.651s] 
[0.651s] [0m
[0.651s] -- Configuring incomplete, errors occurred!
[0.651s] See also "/home/macar/ros2/build/bag_analysis/CMakeFiles/CMakeOutput.log".
[0.655s] Invoked command in '/home/macar/ros2/build/bag_analysis' returned '1': CMAKE_PREFIX_PATH=/opt/ros/iron /usr/bin/cmake /home/macar/ros2/src/bag_analysis -DAMENT_CMAKE_SYMLINK_INSTALL=1 -DCMAKE_INSTALL_PREFIX=/home/macar/ros2/install/bag_analysis
