-- Found ament_cmake: 2.0.6 (/opt/ros/iron/share/ament_cmake/cmake)
-- Override CMake install command with custom implementation using symlinks instead of copying resources
-- Found rclcpp: 21.0.7 (/opt/ros/iron/share/rclcpp/cmake)
-- Found rosidl_generator_c: 4.0.1 (/opt/ros/iron/share/rosidl_generator_c/cmake)
-- Found rosidl_generator_cpp: 4.0.1 (/opt/ros/iron/share/rosidl_generator_cpp/cmake)
-- Using all available rosidl_typesupport_c: rosidl_typesupport_fastrtps_c;rosidl_typesupport_introspection_c
-- Using all available rosidl_typesupport_cpp: rosidl_typesupport_fastrtps_cpp;rosidl_typesupport_introspection_cpp
-- Found rmw_implementation_cmake: 7.1.0 (/opt/ros/iron/share/rmw_implementation_cmake/cmake)
-- Found rmw_fastrtps_cpp: 7.1.4 (/opt/ros/iron/share/rmw_fastrtps_cpp/cmake)
-- Using RMW implementation 'rmw_fastrtps_cpp' as default
-- Found rosbag2_cpp: 0.22.7 (/opt/ros/iron/share/rosbag2_cpp/cmake)
-- Found sensor_msgs: 5.0.1 (/opt/ros/iron/share/sensor_msgs/cmake)
-- Found ament_lint_auto: 0.14.4 (/opt/ros/iron/share/ament_lint_auto/cmake)
-- Added test 'cppcheck' to perform static code analysis on C / C++ code
-- Configured cppcheck include dirs: 
-- Configured cppcheck exclude dirs and/or files: 
-- Added test 'lint_cmake' to check CMake code style
-- Added test 'uncrustify' to check C / C++ code style
-- Configured uncrustify additional arguments: 
-- Added test 'xmllint' to check XML markup files
-- Configuring done
-- Generating done
-- Build files have been written to: /home/macar/ros2/build/bag_analysis
[35m[1mConsolidate compiler generated dependencies of target experiment_3_analysis[0m
[ 50%] [32mBuilding CXX object CMakeFiles/experiment_3_analysis.dir/src/experiment_3_analysis.cpp.o[0m
[100%] [32m[1mLinking CXX executable experiment_3_analysis[0m
[100%] Built target experiment_3_analysis
-- Install configuration: ""
-- Execute custom install script
-- Up-to-date symlink: /home/macar/ros2/install/bag_analysis/lib/bag_analysis/experiment_3_analysis
-- Up-to-date symlink: /home/macar/ros2/install/bag_analysis/share/ament_index/resource_index/package_run_dependencies/bag_analysis
-- Up-to-date symlink: /home/macar/ros2/install/bag_analysis/share/ament_index/resource_index/parent_prefix_path/bag_analysis
-- Up-to-date symlink: /home/macar/ros2/install/bag_analysis/share/bag_analysis/environment/ament_prefix_path.sh
-- Up-to-date symlink: /home/macar/ros2/install/bag_analysis/share/bag_analysis/environment/ament_prefix_path.dsv
-- Up-to-date symlink: /home/macar/ros2/install/bag_analysis/share/bag_analysis/environment/path.sh
-- Up-to-date symlink: /home/macar/ros2/install/bag_analysis/share/bag_analysis/environment/path.dsv
-- Up-to-date symlink: /home/macar/ros2/install/bag_analysis/share/bag_analysis/local_setup.bash
-- Up-to-date symlink: /home/macar/ros2/install/bag_analysis/share/bag_analysis/local_setup.sh
-- Up-to-date symlink: /home/macar/ros2/install/bag_analysis/share/bag_analysis/local_setup.zsh
-- Up-to-date symlink: /home/macar/ros2/install/bag_analysis/share/bag_analysis/local_setup.dsv
-- Symlinking: /home/macar/ros2/install/bag_analysis/share/bag_analysis/package.dsv
-- Up-to-date symlink: /home/macar/ros2/install/bag_analysis/share/ament_index/resource_index/packages/bag_analysis
-- Up-to-date symlink: /home/macar/ros2/install/bag_analysis/share/bag_analysis/cmake/bag_analysisConfig.cmake
-- Up-to-date symlink: /home/macar/ros2/install/bag_analysis/share/bag_analysis/cmake/bag_analysisConfig-version.cmake
-- Up-to-date symlink: /home/macar/ros2/install/bag_analysis/share/bag_analysis/package.xml
