[0.085s] DEBUG:colcon:Command line arguments: ['/usr/bin/colcon', 'build']
[0.086s] DEBUG:colcon:Parsed command line arguments: Namespace(log_base=None, log_level=None, verb_name='build', build_base='build', install_base='install', merge_install=False, symlink_install=False, test_result_base=None, continue_on_error=False, executor='parallel', parallel_workers=12, event_handlers=None, ignore_user_meta=False, metas=['./colcon.meta'], base_paths=['.'], packages_ignore=None, packages_ignore_regex=None, paths=None, packages_up_to=None, packages_up_to_regex=None, packages_above=None, packages_above_and_dependencies=None, packages_above_depth=None, packages_select_by_dep=None, packages_skip_by_dep=None, packages_skip_up_to=None, packages_select_build_failed=False, packages_skip_build_finished=False, packages_select_test_failures=False, packages_skip_test_passed=False, packages_select=None, packages_skip=None, packages_select_regex=None, packages_skip_regex=None, packages_start=None, packages_end=None, allow_overriding=[], cmake_args=None, cmake_target=None, cmake_target_skip_unavailable=False, cmake_clean_cache=False, cmake_clean_first=False, cmake_force_configure=False, ament_cmake_args=None, catkin_cmake_args=None, catkin_skip_building_tests=False, verb_parser=<colcon_defaults.argument_parser.defaults.DefaultArgumentsDecorator object at 0x74fbd3317e80>, verb_extension=<colcon_core.verb.build.BuildVerb object at 0x74fbd33178b0>, main=<bound method BuildVerb.main of <colcon_core.verb.build.BuildVerb object at 0x74fbd33178b0>>)
[0.217s] Level 1:colcon.colcon_core.package_discovery:discover_packages(colcon_meta) check parameters
[0.217s] Level 1:colcon.colcon_core.package_discovery:discover_packages(recursive) check parameters
[0.217s] Level 1:colcon.colcon_core.package_discovery:discover_packages(ignore) check parameters
[0.217s] Level 1:colcon.colcon_core.package_discovery:discover_packages(path) check parameters
[0.217s] Level 1:colcon.colcon_core.package_discovery:discover_packages(colcon_meta) discover
[0.217s] Level 1:colcon.colcon_core.package_discovery:discover_packages(recursive) discover
[0.217s] INFO:colcon.colcon_core.package_discovery:Crawling recursively for packages in '/home/macar/ros2'
[0.217s] Level 1:colcon.colcon_core.package_identification:_identify(.) by extensions ['ignore', 'ignore_ament_install']
[0.217s] Level 1:colcon.colcon_core.package_identification:_identify(.) by extension 'ignore'
[0.217s] Level 1:colcon.colcon_core.package_identification:_identify(.) by extension 'ignore_ament_install'
[0.217s] Level 1:colcon.colcon_core.package_identification:_identify(.) by extensions ['colcon_pkg']
[0.217s] Level 1:colcon.colcon_core.package_identification:_identify(.) by extension 'colcon_pkg'
[0.217s] Level 1:colcon.colcon_core.package_identification:_identify(.) by extensions ['colcon_meta']
[0.218s] Level 1:colcon.colcon_core.package_identification:_identify(.) by extension 'colcon_meta'
[0.218s] Level 1:colcon.colcon_core.package_identification:_identify(.) by extensions ['ros']
[0.218s] Level 1:colcon.colcon_core.package_identification:_identify(.) by extension 'ros'
[0.227s] Level 1:colcon.colcon_core.package_identification:_identify(.) by extensions ['cmake', 'python']
[0.227s] Level 1:colcon.colcon_core.package_identification:_identify(.) by extension 'cmake'
[0.227s] Level 1:colcon.colcon_core.package_identification:_identify(.) by extension 'python'
[0.227s] Level 1:colcon.colcon_core.package_identification:_identify(.) by extensions ['python_setup_py']
[0.227s] Level 1:colcon.colcon_core.package_identification:_identify(.) by extension 'python_setup_py'
[0.227s] Level 1:colcon.colcon_core.package_identification:_identify(build) by extensions ['ignore', 'ignore_ament_install']
[0.227s] Level 1:colcon.colcon_core.package_identification:_identify(build) by extension 'ignore'
[0.227s] Level 1:colcon.colcon_core.package_identification:_identify(build) ignored
[0.228s] Level 1:colcon.colcon_core.package_identification:_identify(install) by extensions ['ignore', 'ignore_ament_install']
[0.228s] Level 1:colcon.colcon_core.package_identification:_identify(install) by extension 'ignore'
[0.228s] Level 1:colcon.colcon_core.package_identification:_identify(install) ignored
[0.228s] Level 1:colcon.colcon_core.package_identification:_identify(log) by extensions ['ignore', 'ignore_ament_install']
[0.228s] Level 1:colcon.colcon_core.package_identification:_identify(log) by extension 'ignore'
[0.228s] Level 1:colcon.colcon_core.package_identification:_identify(log) ignored
[0.228s] Level 1:colcon.colcon_core.package_identification:_identify(src) by extensions ['ignore', 'ignore_ament_install']
[0.228s] Level 1:colcon.colcon_core.package_identification:_identify(src) by extension 'ignore'
[0.228s] Level 1:colcon.colcon_core.package_identification:_identify(src) by extension 'ignore_ament_install'
[0.228s] Level 1:colcon.colcon_core.package_identification:_identify(src) by extensions ['colcon_pkg']
[0.228s] Level 1:colcon.colcon_core.package_identification:_identify(src) by extension 'colcon_pkg'
[0.228s] Level 1:colcon.colcon_core.package_identification:_identify(src) by extensions ['colcon_meta']
[0.228s] Level 1:colcon.colcon_core.package_identification:_identify(src) by extension 'colcon_meta'
[0.228s] Level 1:colcon.colcon_core.package_identification:_identify(src) by extensions ['ros']
[0.228s] Level 1:colcon.colcon_core.package_identification:_identify(src) by extension 'ros'
[0.228s] Level 1:colcon.colcon_core.package_identification:_identify(src) by extensions ['cmake', 'python']
[0.228s] Level 1:colcon.colcon_core.package_identification:_identify(src) by extension 'cmake'
[0.228s] Level 1:colcon.colcon_core.package_identification:_identify(src) by extension 'python'
[0.228s] Level 1:colcon.colcon_core.package_identification:_identify(src) by extensions ['python_setup_py']
[0.228s] Level 1:colcon.colcon_core.package_identification:_identify(src) by extension 'python_setup_py'
[0.228s] Level 1:colcon.colcon_core.package_identification:_identify(src/bag_analysis) by extensions ['ignore', 'ignore_ament_install']
[0.228s] Level 1:colcon.colcon_core.package_identification:_identify(src/bag_analysis) by extension 'ignore'
[0.229s] Level 1:colcon.colcon_core.package_identification:_identify(src/bag_analysis) by extension 'ignore_ament_install'
[0.229s] Level 1:colcon.colcon_core.package_identification:_identify(src/bag_analysis) by extensions ['colcon_pkg']
[0.229s] Level 1:colcon.colcon_core.package_identification:_identify(src/bag_analysis) by extension 'colcon_pkg'
[0.229s] Level 1:colcon.colcon_core.package_identification:_identify(src/bag_analysis) by extensions ['colcon_meta']
[0.229s] Level 1:colcon.colcon_core.package_identification:_identify(src/bag_analysis) by extension 'colcon_meta'
[0.229s] Level 1:colcon.colcon_core.package_identification:_identify(src/bag_analysis) by extensions ['ros']
[0.229s] Level 1:colcon.colcon_core.package_identification:_identify(src/bag_analysis) by extension 'ros'
[0.231s] DEBUG:colcon.colcon_core.package_identification:Package 'src/bag_analysis' with type 'ros.ament_cmake' and name 'bag_analysis'
[0.231s] Level 1:colcon.colcon_core.package_discovery:discover_packages(recursive) using defaults
[0.231s] Level 1:colcon.colcon_core.package_discovery:discover_packages(ignore) discover
[0.231s] Level 1:colcon.colcon_core.package_discovery:discover_packages(ignore) using defaults
[0.231s] Level 1:colcon.colcon_core.package_discovery:discover_packages(path) discover
[0.231s] Level 1:colcon.colcon_core.package_discovery:discover_packages(path) using defaults
[0.248s] Level 1:colcon.colcon_core.package_discovery:discover_packages(prefix_path) check parameters
[0.248s] Level 1:colcon.colcon_core.package_discovery:discover_packages(prefix_path) discover
[0.250s] DEBUG:colcon.colcon_installed_package_information.package_discovery:Found 281 installed packages in /opt/ros/iron
[0.263s] Level 1:colcon.colcon_core.package_discovery:discover_packages(prefix_path) using defaults
[0.297s] Level 5:colcon.colcon_core.verb:set package 'bag_analysis' build argument 'cmake_args' from command line to 'None'
[0.297s] Level 5:colcon.colcon_core.verb:set package 'bag_analysis' build argument 'cmake_target' from command line to 'None'
[0.297s] Level 5:colcon.colcon_core.verb:set package 'bag_analysis' build argument 'cmake_target_skip_unavailable' from command line to 'False'
[0.297s] Level 5:colcon.colcon_core.verb:set package 'bag_analysis' build argument 'cmake_clean_cache' from command line to 'False'
[0.297s] Level 5:colcon.colcon_core.verb:set package 'bag_analysis' build argument 'cmake_clean_first' from command line to 'False'
[0.297s] Level 5:colcon.colcon_core.verb:set package 'bag_analysis' build argument 'cmake_force_configure' from command line to 'False'
[0.297s] Level 5:colcon.colcon_core.verb:set package 'bag_analysis' build argument 'ament_cmake_args' from command line to 'None'
[0.297s] Level 5:colcon.colcon_core.verb:set package 'bag_analysis' build argument 'catkin_cmake_args' from command line to 'None'
[0.297s] Level 5:colcon.colcon_core.verb:set package 'bag_analysis' build argument 'catkin_skip_building_tests' from command line to 'False'
[0.297s] DEBUG:colcon.colcon_core.verb:Building package 'bag_analysis' with the following arguments: {'ament_cmake_args': None, 'build_base': '/home/macar/ros2/build/bag_analysis', 'catkin_cmake_args': None, 'catkin_skip_building_tests': False, 'cmake_args': None, 'cmake_clean_cache': False, 'cmake_clean_first': False, 'cmake_force_configure': False, 'cmake_target': None, 'cmake_target_skip_unavailable': False, 'install_base': '/home/macar/ros2/install/bag_analysis', 'merge_install': False, 'path': '/home/macar/ros2/src/bag_analysis', 'symlink_install': False, 'test_result_base': None}
[0.297s] INFO:colcon.colcon_core.executor:Executing jobs using 'parallel' executor
[0.298s] DEBUG:colcon.colcon_parallel_executor.executor.parallel:run_until_complete
[0.298s] INFO:colcon.colcon_ros.task.ament_cmake.build:Building ROS package in '/home/macar/ros2/src/bag_analysis' with build type 'ament_cmake'
[0.298s] INFO:colcon.colcon_cmake.task.cmake.build:Building CMake package in '/home/macar/ros2/src/bag_analysis'
[0.300s] INFO:colcon.colcon_core.plugin_system:Skipping extension 'colcon_core.shell.bat': Not used on non-Windows systems
[0.300s] INFO:colcon.colcon_core.shell:Skip shell extension 'powershell' for command environment: Not usable outside of PowerShell
[0.300s] DEBUG:colcon.colcon_core.shell:Skip shell extension 'dsv' for command environment
[0.310s] DEBUG:colcon.colcon_core.event_handler.log_command:Invoking command in '/home/macar/ros2/build/bag_analysis': CMAKE_PREFIX_PATH=/opt/ros/iron /usr/bin/cmake --build /home/macar/ros2/build/bag_analysis -- -j12 -l12
[1.810s] DEBUG:colcon.colcon_core.event_handler.log_command:Invoked command in '/home/macar/ros2/build/bag_analysis' returned '0': CMAKE_PREFIX_PATH=/opt/ros/iron /usr/bin/cmake --build /home/macar/ros2/build/bag_analysis -- -j12 -l12
[1.851s] DEBUG:colcon.colcon_core.event_handler.log_command:Invoking command in '/home/macar/ros2/build/bag_analysis': CMAKE_PREFIX_PATH=/opt/ros/iron /usr/bin/cmake --install /home/macar/ros2/build/bag_analysis
[2.029s] Level 1:colcon.colcon_core.environment:create_environment_scripts_only(bag_analysis)
[2.030s] DEBUG:colcon.colcon_core.event_handler.log_command:Invoked command in '/home/macar/ros2/build/bag_analysis' returned '0': CMAKE_PREFIX_PATH=/opt/ros/iron /usr/bin/cmake --install /home/macar/ros2/build/bag_analysis
[2.032s] Level 1:colcon.colcon_core.environment:checking '/home/macar/ros2/install/bag_analysis' for CMake module files
[2.033s] Level 1:colcon.colcon_core.environment:checking '/home/macar/ros2/install/bag_analysis' for CMake config files
[2.033s] Level 1:colcon.colcon_core.shell:create_environment_hook('bag_analysis', 'cmake_prefix_path')
[2.033s] INFO:colcon.colcon_core.shell:Creating environment hook '/home/macar/ros2/install/bag_analysis/share/bag_analysis/hook/cmake_prefix_path.ps1'
[2.034s] INFO:colcon.colcon_core.shell:Creating environment descriptor '/home/macar/ros2/install/bag_analysis/share/bag_analysis/hook/cmake_prefix_path.dsv'
[2.034s] INFO:colcon.colcon_core.shell:Creating environment hook '/home/macar/ros2/install/bag_analysis/share/bag_analysis/hook/cmake_prefix_path.sh'
[2.035s] Level 1:colcon.colcon_core.environment:checking '/home/macar/ros2/install/bag_analysis/lib'
[2.035s] Level 1:colcon.colcon_core.environment:checking '/home/macar/ros2/install/bag_analysis/bin'
[2.035s] Level 1:colcon.colcon_core.environment:checking '/home/macar/ros2/install/bag_analysis/lib/pkgconfig/bag_analysis.pc'
[2.035s] Level 1:colcon.colcon_core.environment:checking '/home/macar/ros2/install/bag_analysis/lib/python3.10/site-packages'
[2.035s] Level 1:colcon.colcon_core.environment:checking '/home/macar/ros2/install/bag_analysis/bin'
[2.035s] INFO:colcon.colcon_core.shell:Creating package script '/home/macar/ros2/install/bag_analysis/share/bag_analysis/package.ps1'
[2.036s] INFO:colcon.colcon_core.shell:Creating package descriptor '/home/macar/ros2/install/bag_analysis/share/bag_analysis/package.dsv'
[2.037s] INFO:colcon.colcon_core.shell:Creating package script '/home/macar/ros2/install/bag_analysis/share/bag_analysis/package.sh'
[2.037s] INFO:colcon.colcon_core.shell:Creating package script '/home/macar/ros2/install/bag_analysis/share/bag_analysis/package.bash'
[2.038s] INFO:colcon.colcon_core.shell:Creating package script '/home/macar/ros2/install/bag_analysis/share/bag_analysis/package.zsh'
[2.038s] Level 1:colcon.colcon_core.environment:create_file_with_runtime_dependencies(/home/macar/ros2/install/bag_analysis/share/colcon-core/packages/bag_analysis)
[2.067s] Level 1:colcon.colcon_core.environment:create_environment_scripts_only(bag_analysis)
[2.067s] Level 1:colcon.colcon_core.environment:checking '/home/macar/ros2/install/bag_analysis' for CMake module files
[2.068s] Level 1:colcon.colcon_core.environment:checking '/home/macar/ros2/install/bag_analysis' for CMake config files
[2.068s] Level 1:colcon.colcon_core.shell:create_environment_hook('bag_analysis', 'cmake_prefix_path')
[2.068s] INFO:colcon.colcon_core.shell:Creating environment hook '/home/macar/ros2/install/bag_analysis/share/bag_analysis/hook/cmake_prefix_path.ps1'
[2.068s] INFO:colcon.colcon_core.shell:Creating environment descriptor '/home/macar/ros2/install/bag_analysis/share/bag_analysis/hook/cmake_prefix_path.dsv'
[2.069s] INFO:colcon.colcon_core.shell:Creating environment hook '/home/macar/ros2/install/bag_analysis/share/bag_analysis/hook/cmake_prefix_path.sh'
[2.069s] Level 1:colcon.colcon_core.environment:checking '/home/macar/ros2/install/bag_analysis/lib'
[2.069s] Level 1:colcon.colcon_core.environment:checking '/home/macar/ros2/install/bag_analysis/bin'
[2.069s] Level 1:colcon.colcon_core.environment:checking '/home/macar/ros2/install/bag_analysis/lib/pkgconfig/bag_analysis.pc'
[2.069s] Level 1:colcon.colcon_core.environment:checking '/home/macar/ros2/install/bag_analysis/lib/python3.10/site-packages'
[2.070s] Level 1:colcon.colcon_core.environment:checking '/home/macar/ros2/install/bag_analysis/bin'
[2.070s] INFO:colcon.colcon_core.shell:Creating package script '/home/macar/ros2/install/bag_analysis/share/bag_analysis/package.ps1'
[2.070s] INFO:colcon.colcon_core.shell:Creating package descriptor '/home/macar/ros2/install/bag_analysis/share/bag_analysis/package.dsv'
[2.071s] INFO:colcon.colcon_core.shell:Creating package script '/home/macar/ros2/install/bag_analysis/share/bag_analysis/package.sh'
[2.071s] INFO:colcon.colcon_core.shell:Creating package script '/home/macar/ros2/install/bag_analysis/share/bag_analysis/package.bash'
[2.071s] INFO:colcon.colcon_core.shell:Creating package script '/home/macar/ros2/install/bag_analysis/share/bag_analysis/package.zsh'
[2.072s] Level 1:colcon.colcon_core.environment:create_file_with_runtime_dependencies(/home/macar/ros2/install/bag_analysis/share/colcon-core/packages/bag_analysis)
[2.072s] DEBUG:colcon.colcon_parallel_executor.executor.parallel:closing loop
[2.072s] DEBUG:colcon.colcon_parallel_executor.executor.parallel:loop closed
[2.072s] DEBUG:colcon.colcon_parallel_executor.executor.parallel:run_until_complete finished with '0'
[2.072s] DEBUG:colcon.colcon_core.event_reactor:joining thread
[2.077s] INFO:colcon.colcon_core.plugin_system:Skipping extension 'colcon_notification.desktop_notification.terminal_notifier': Not used on non-Darwin systems
[2.077s] INFO:colcon.colcon_core.plugin_system:Skipping extension 'colcon_notification.desktop_notification.win32': Not used on non-Windows systems
[2.077s] INFO:colcon.colcon_notification.desktop_notification:Sending desktop notification using 'notify2'
[2.088s] DEBUG:colcon.colcon_core.event_reactor:joined thread
[2.089s] INFO:colcon.colcon_core.shell:Creating prefix script '/home/macar/ros2/install/local_setup.ps1'
[2.090s] INFO:colcon.colcon_core.shell:Creating prefix util module '/home/macar/ros2/install/_local_setup_util_ps1.py'
[2.091s] INFO:colcon.colcon_core.shell:Creating prefix chain script '/home/macar/ros2/install/setup.ps1'
[2.092s] INFO:colcon.colcon_core.shell:Creating prefix script '/home/macar/ros2/install/local_setup.sh'
[2.092s] INFO:colcon.colcon_core.shell:Creating prefix util module '/home/macar/ros2/install/_local_setup_util_sh.py'
[2.093s] INFO:colcon.colcon_core.shell:Creating prefix chain script '/home/macar/ros2/install/setup.sh'
[2.094s] INFO:colcon.colcon_core.shell:Creating prefix script '/home/macar/ros2/install/local_setup.bash'
[2.094s] INFO:colcon.colcon_core.shell:Creating prefix chain script '/home/macar/ros2/install/setup.bash'
[2.095s] INFO:colcon.colcon_core.shell:Creating prefix script '/home/macar/ros2/install/local_setup.zsh'
[2.095s] INFO:colcon.colcon_core.shell:Creating prefix chain script '/home/macar/ros2/install/setup.zsh'
