[0.022s] Invoking command in '/home/macar/ros2/build/bag_analysis': CMAKE_PREFIX_PATH=/opt/ros/iron /usr/bin/cmake --build /home/macar/ros2/build/bag_analysis -- -j12 -l12
[0.167s] [100%] Built target analyzing_bag
[0.188s] Invoked command in '/home/macar/ros2/build/bag_analysis' returned '0': CMAKE_PREFIX_PATH=/opt/ros/iron /usr/bin/cmake --build /home/macar/ros2/build/bag_analysis -- -j12 -l12
[0.250s] Invoking command in '/home/macar/ros2/build/bag_analysis': CMAKE_PREFIX_PATH=/opt/ros/iron /usr/bin/cmake --install /home/macar/ros2/build/bag_analysis
[0.262s] -- Install configuration: ""
[0.263s] -- Execute custom install script
[0.264s] -- Up-to-date symlink: /home/macar/ros2/install/bag_analysis/lib/bag_analysis/analyzing_bag
[0.265s] -- Up-to-date symlink: /home/macar/ros2/install/bag_analysis/share/ament_index/resource_index/package_run_dependencies/bag_analysis
[0.265s] -- Up-to-date symlink: /home/macar/ros2/install/bag_analysis/share/ament_index/resource_index/parent_prefix_path/bag_analysis
[0.265s] -- Up-to-date symlink: /home/macar/ros2/install/bag_analysis/share/bag_analysis/environment/ament_prefix_path.sh
[0.266s] -- Up-to-date symlink: /home/macar/ros2/install/bag_analysis/share/bag_analysis/environment/ament_prefix_path.dsv
[0.266s] -- Up-to-date symlink: /home/macar/ros2/install/bag_analysis/share/bag_analysis/environment/path.sh
[0.266s] -- Up-to-date symlink: /home/macar/ros2/install/bag_analysis/share/bag_analysis/environment/path.dsv
[0.266s] -- Up-to-date symlink: /home/macar/ros2/install/bag_analysis/share/bag_analysis/local_setup.bash
[0.267s] -- Up-to-date symlink: /home/macar/ros2/install/bag_analysis/share/bag_analysis/local_setup.sh
[0.267s] -- Up-to-date symlink: /home/macar/ros2/install/bag_analysis/share/bag_analysis/local_setup.zsh
[0.267s] -- Up-to-date symlink: /home/macar/ros2/install/bag_analysis/share/bag_analysis/local_setup.dsv
[0.267s] -- Symlinking: /home/macar/ros2/install/bag_analysis/share/bag_analysis/package.dsv
[0.283s] -- Up-to-date symlink: /home/macar/ros2/install/bag_analysis/share/ament_index/resource_index/packages/bag_analysis
[0.283s] -- Up-to-date symlink: /home/macar/ros2/install/bag_analysis/share/bag_analysis/cmake/bag_analysisConfig.cmake
[0.284s] -- Up-to-date symlink: /home/macar/ros2/install/bag_analysis/share/bag_analysis/cmake/bag_analysisConfig-version.cmake
[0.284s] -- Up-to-date symlink: /home/macar/ros2/install/bag_analysis/share/bag_analysis/package.xml
[0.288s] Invoked command in '/home/macar/ros2/build/bag_analysis' returned '0': CMAKE_PREFIX_PATH=/opt/ros/iron /usr/bin/cmake --install /home/macar/ros2/build/bag_analysis
