[0.011s] Invoking command in '/home/macar/ros2/build/bag_analysis': CMAKE_PREFIX_PATH=/opt/ros/iron /usr/bin/cmake --build /home/macar/ros2/build/bag_analysis -- -j12 -l12
[0.072s] [ 50%] [32mBuilding CXX object CMakeFiles/analyzing_bag.dir/src/analyzing_bag.cpp.o[0m
[1.355s] [100%] [32m[1mLinking CXX executable analyzing_bag[0m
[1.535s] [100%] Built target analyzing_bag
[1.549s] Invoked command in '/home/macar/ros2/build/bag_analysis' returned '0': CMAKE_PREFIX_PATH=/opt/ros/iron /usr/bin/cmake --build /home/macar/ros2/build/bag_analysis -- -j12 -l12
[1.592s] Invoking command in '/home/macar/ros2/build/bag_analysis': CMAKE_PREFIX_PATH=/opt/ros/iron /usr/bin/cmake --install /home/macar/ros2/build/bag_analysis
[1.600s] -- Install configuration: ""
[1.600s] -- Execute custom install script
[1.600s] -- Up-to-date symlink: /home/macar/ros2/install/bag_analysis/lib/bag_analysis/analyzing_bag
[1.601s] -- Up-to-date symlink: /home/macar/ros2/install/bag_analysis/share/ament_index/resource_index/package_run_dependencies/bag_analysis
[1.601s] -- Up-to-date symlink: /home/macar/ros2/install/bag_analysis/share/ament_index/resource_index/parent_prefix_path/bag_analysis
[1.601s] -- Up-to-date symlink: /home/macar/ros2/install/bag_analysis/share/bag_analysis/environment/ament_prefix_path.sh
[1.601s] -- Up-to-date symlink: /home/macar/ros2/install/bag_analysis/share/bag_analysis/environment/ament_prefix_path.dsv
[1.601s] -- Up-to-date symlink: /home/macar/ros2/install/bag_analysis/share/bag_analysis/environment/path.sh
[1.601s] -- Up-to-date symlink: /home/macar/ros2/install/bag_analysis/share/bag_analysis/environment/path.dsv
[1.602s] -- Up-to-date symlink: /home/macar/ros2/install/bag_analysis/share/bag_analysis/local_setup.bash
[1.602s] -- Up-to-date symlink: /home/macar/ros2/install/bag_analysis/share/bag_analysis/local_setup.sh
[1.602s] -- Up-to-date symlink: /home/macar/ros2/install/bag_analysis/share/bag_analysis/local_setup.zsh
[1.602s] -- Up-to-date symlink: /home/macar/ros2/install/bag_analysis/share/bag_analysis/local_setup.dsv
[1.602s] -- Symlinking: /home/macar/ros2/install/bag_analysis/share/bag_analysis/package.dsv
[1.612s] -- Up-to-date symlink: /home/macar/ros2/install/bag_analysis/share/ament_index/resource_index/packages/bag_analysis
[1.612s] -- Up-to-date symlink: /home/macar/ros2/install/bag_analysis/share/bag_analysis/cmake/bag_analysisConfig.cmake
[1.612s] -- Up-to-date symlink: /home/macar/ros2/install/bag_analysis/share/bag_analysis/cmake/bag_analysisConfig-version.cmake
[1.612s] -- Up-to-date symlink: /home/macar/ros2/install/bag_analysis/share/bag_analysis/package.xml
[1.615s] Invoked command in '/home/macar/ros2/build/bag_analysis' returned '0': CMAKE_PREFIX_PATH=/opt/ros/iron /usr/bin/cmake --install /home/macar/ros2/build/bag_analysis
