[ 50%] [32mBuilding CXX object CMakeFiles/analyzing_bag.dir/src/analyzing_bag.cpp.o[0m
[100%] [32m[1mLinking CXX executable analyzing_bag[0m
[100%] Built target analyzing_bag
-- Install configuration: ""
-- Execute custom install script
-- Up-to-date symlink: /home/macar/ros2/install/bag_analysis/lib/bag_analysis/analyzing_bag
-- Up-to-date symlink: /home/macar/ros2/install/bag_analysis/share/ament_index/resource_index/package_run_dependencies/bag_analysis
-- Up-to-date symlink: /home/macar/ros2/install/bag_analysis/share/ament_index/resource_index/parent_prefix_path/bag_analysis
-- Up-to-date symlink: /home/macar/ros2/install/bag_analysis/share/bag_analysis/environment/ament_prefix_path.sh
-- Up-to-date symlink: /home/macar/ros2/install/bag_analysis/share/bag_analysis/environment/ament_prefix_path.dsv
-- Up-to-date symlink: /home/macar/ros2/install/bag_analysis/share/bag_analysis/environment/path.sh
-- Up-to-date symlink: /home/macar/ros2/install/bag_analysis/share/bag_analysis/environment/path.dsv
-- Up-to-date symlink: /home/macar/ros2/install/bag_analysis/share/bag_analysis/local_setup.bash
-- Up-to-date symlink: /home/macar/ros2/install/bag_analysis/share/bag_analysis/local_setup.sh
-- Up-to-date symlink: /home/macar/ros2/install/bag_analysis/share/bag_analysis/local_setup.zsh
-- Up-to-date symlink: /home/macar/ros2/install/bag_analysis/share/bag_analysis/local_setup.dsv
-- Symlinking: /home/macar/ros2/install/bag_analysis/share/bag_analysis/package.dsv
-- Up-to-date symlink: /home/macar/ros2/install/bag_analysis/share/ament_index/resource_index/packages/bag_analysis
-- Up-to-date symlink: /home/macar/ros2/install/bag_analysis/share/bag_analysis/cmake/bag_analysisConfig.cmake
-- Up-to-date symlink: /home/macar/ros2/install/bag_analysis/share/bag_analysis/cmake/bag_analysisConfig-version.cmake
-- Up-to-date symlink: /home/macar/ros2/install/bag_analysis/share/bag_analysis/package.xml
